2018-02-06 12:57:17 [Art_Model_Login: update] {"id":"27481"} []
2018-02-06 14:05:42 [Art_Model_Login: update] {"id":"27482"} []
2018-02-06 14:08:18 [Art_Model_Login: update] {"id":"27482"} []
2018-02-06 14:08:18 [Art_Model_Login: update] {"id":"27482"} []
2018-02-06 14:08:25 [Art_Model_Login: update] {"id":"27482"} []
2018-02-06 14:08:25 [Art_Model_Login: insert] {"id":"27483"} {"section":"login","action":"login","layer":"public"}
2018-02-06 14:09:17 [Art_Model_Login: update] {"id":"27482"} []
2018-02-06 14:09:17 [Art_Model_Login: update] {"id":"27482"} []
2018-02-06 14:09:31 [Art_Model_Login: update] {"id":"27482"} []
2018-02-06 14:09:31 [Art_Model_Login: insert] {"id":"27484"} {"section":"login","action":"login","layer":"public"}
2018-02-06 14:10:44 [Art_Model_Login: update] {"id":"27482"} []
2018-02-06 14:10:44 [Art_Model_Login: update] {"id":"27482"} []
2018-02-06 14:10:50 [Art_Model_Login: update] {"id":"27482"} []
2018-02-06 14:10:50 [Art_Model_Login: update] {"id":"27482"} []
2018-02-06 14:10:52 [Art_Model_Login: update] {"id":"27482"} []
2018-02-06 14:10:52 [Art_Model_Login: update] {"id":"27482"} []
2018-02-06 14:10:56 [Art_Model_Login: update] {"id":"27482"} []
2018-02-06 14:10:56 [Art_Model_Login: insert] {"id":"27485"} {"section":"login","action":"login","layer":"public"}
2018-02-06 14:11:17 [Art_Model_Login: update] {"id":"27482"} []
2018-02-06 14:11:17 [Art_Model_Login: update] {"id":"27482"} []
2018-02-06 14:11:28 [Art_Model_Login: update] {"id":"27482"} []
2018-02-06 14:11:28 [Art_Model_Login: update] {"id":"27482"} []
2018-02-06 14:11:34 [Art_Model_Login: update] {"id":"27482"} []
2018-02-06 14:11:34 [Art_Model_Login: update] {"id":"27482"} []
2018-02-06 14:11:36 [Art_Model_Login: update] {"id":"27482"} []
2018-02-06 14:11:36 [Art_Model_Login: update] {"id":"27482"} []
2018-02-06 14:12:21 [Art_Model_Login: update] {"id":"27482"} []
2018-02-06 14:12:22 [Art_Model_Login: update] {"id":"27482"} []
2018-02-06 14:12:23 [Art_Model_Login: update] {"id":"27482"} []
2018-02-06 14:12:23 [Art_Model_Login: update] {"id":"27482"} []
2018-02-06 14:12:29 [Art_Model_Login: update] {"id":"27482"} []
2018-02-06 14:12:30 [Art_Model_Login: update] {"id":"27482"} []
2018-02-06 14:12:31 [Art_Model_Login: update] {"id":"27482"} []
2018-02-06 14:12:31 [Art_Model_Login: update] {"id":"27482"} []
2018-02-06 14:12:38 [Art_Model_Login: update] {"id":"27482"} []
2018-02-06 14:12:38 [Art_Model_Login: insert] {"id":"27486"} {"section":"login","action":"login","layer":"public"}
2018-02-06 14:12:44 [Art_Model_Login: update] {"id":"27482"} []
2018-02-06 14:12:44 [Art_Model_Login: update] {"id":"27482"} []
2018-02-06 14:13:05 [Art_Model_Login: update] {"id":"27482"} []
2018-02-06 14:13:05 [Art_Model_Login: update] {"id":"27482"} []
2018-02-06 14:13:13 [Art_Model_Login: update] {"id":"27482"} []
2018-02-06 14:13:14 [Art_Model_Login: update] {"id":"27482"} []
2018-02-06 14:14:06 [Art_Model_Login: update] {"id":"27482"} []
2018-02-06 14:14:06 [Art_Model_Login: update] {"id":"27482"} []
2018-02-06 14:14:09 [Art_Model_Login: update] {"id":"27482"} []
2018-02-06 14:14:09 [Art_Model_Login: update] {"id":"27482"} []
2018-02-06 14:14:10 [Art_Model_Login: update] {"id":"27482"} []
2018-02-06 14:14:25 [Art_Model_Login: update] {"id":"27482"} []
2018-02-06 14:14:25 [Art_Model_Login: insert] {"id":"27487"} {"section":"login","action":"login","layer":"public"}
2018-02-06 14:22:20 [Art_Model_Login: update] {"id":"27482"} []
2018-02-06 14:22:20 [Art_Model_Login: update] {"id":"27482"} []
2018-02-06 14:22:24 [Art_Model_Login: update] {"id":"27482"} []
2018-02-06 14:22:34 [Art_Model_Login: update] {"id":"27482"} []
2018-02-06 14:25:09 [Art_Model_Login: update] {"id":"27482"} []
2018-02-06 14:25:09 [Art_Model_Login: insert] {"id":"27488"} {"section":"login","action":"login","layer":"public"}
2018-02-06 14:25:15 [Art_Model_Login: update] {"id":"27482"} []
2018-02-06 14:25:15 [Art_Model_Login: update] {"id":"27482"} []
2018-02-06 14:25:20 [Art_Model_Login: update] {"id":"27482"} []
2018-02-06 14:25:20 [Art_Model_Login: insert] {"id":"27489"} {"section":"login","action":"login","layer":"public"}
2018-02-06 14:25:58 [Art_Model_Login: update] {"id":"27482"} []
2018-02-06 14:25:58 [Art_Model_Login: update] {"id":"27482"} []
2018-02-06 14:26:02 [Art_Model_Login: update] {"id":"27482"} []
2018-02-06 14:26:02 [Art_Model_Login: insert] {"id":"27490"} {"section":"login","action":"login","layer":"public"}
2018-02-06 14:27:29 [Art_Model_Login: update] {"id":"27482"} []
2018-02-06 14:27:29 [Art_Model_Login: update] {"id":"27482"} []
2018-02-06 14:27:32 [Art_Model_Login: update] {"id":"27482"} []
2018-02-06 14:27:32 [Art_Model_Login: insert] {"id":"27491"} {"section":"login","action":"login","layer":"public"}
2018-02-06 14:31:30 [Art_Model_Login: update] {"id":"27482"} []
2018-02-06 14:31:30 [Art_Model_Login: update] {"id":"27482"} []
2018-02-06 14:31:34 [Art_Model_Login: update] {"id":"27482"} []
2018-02-06 14:31:34 [Art_Model_Login: insert] {"id":"27492"} {"section":"login","action":"login","layer":"public"}
2018-02-06 14:31:47 [Art_Model_Login: update] {"id":"27482"} []
2018-02-06 14:31:47 [Art_Model_Login: update] {"id":"27482"} []
2018-02-06 14:31:51 [Art_Model_Login: update] {"id":"27482"} []
2018-02-06 14:31:51 [Art_Model_Login: update] {"id":"27482"} []
2018-02-06 14:31:54 [Art_Model_Login: update] {"id":"27482"} []
2018-02-06 14:31:54 [Art_Model_Login: update] {"id":"27482"} []
2018-02-06 14:31:56 [Art_Model_Login: update] {"id":"27482"} []
2018-02-06 14:31:56 [Art_Model_Login: update] {"id":"27482"} []
2018-02-06 14:32:02 [Art_Model_Login: update] {"id":"27482"} []
2018-02-06 14:32:02 [Art_Model_Login: insert] {"id":"27493"} {"section":"login","action":"login","layer":"public"}
2018-02-06 14:33:21 [Art_Model_Login: update] {"id":"27482"} []
2018-02-06 14:33:21 [Art_Model_Login: update] {"id":"27482"} []
2018-02-06 14:33:25 [Art_Model_Login: update] {"id":"27482"} []
2018-02-06 14:33:25 [Art_Model_Login: insert] {"id":"27494"} {"section":"login","action":"login","layer":"public"}
2018-02-06 14:33:25 [Art_Model_Login: update] {"id":"27494"} []
2018-02-06 14:33:25 [Art_Model_Login: update] {"id":"27494"} []
2018-02-06 14:33:35 [Art_Model_Login: update] {"id":"27494"} []
2018-02-06 14:33:36 [Art_Model_Login: update] {"id":"27494"} []
2018-02-06 14:37:32 [Art_Model_Login: update] {"id":"27494"} []
2018-02-06 14:37:32 [Art_Model_Login: update] {"id":"27494"} {"section":"login","action":"logout","layer":"public"}
2018-02-06 14:37:32 [Art_Model_User: insert] {"id":"29040"} []
2018-02-06 14:37:32 [Art_Model_User: update] {"id":"29040"} []
2018-02-06 14:37:32 [Art_Model_Login: insert] {"id":"27495"} []
2018-02-06 14:46:06 [Art_Model_User: insert] {"id":"29041"} []
2018-02-06 14:46:06 [Art_Model_User: update] {"id":"29041"} []
2018-02-06 14:46:06 [Art_Model_Login: insert] {"id":"27496"} []
2018-02-06 14:46:06 [Art_Model_Login: update] {"id":"27496"} []
2018-02-06 14:46:08 [Art_Model_Login: update] {"id":"27496"} []
2018-02-06 14:46:08 [Art_Model_Login: update] {"id":"27496"} []
2018-02-06 14:46:34 [Art_Model_Login: update] {"id":"27496"} []
2018-02-06 14:57:32 [Art_Model_Login: update] {"id":"27496"} []
2018-02-06 14:57:39 [Art_Model_Login: update] {"id":"27496"} []
2018-02-06 14:57:39 [Art_Model_Login: insert] {"id":"27497"} {"section":"login","action":"login","layer":"public"}
2018-02-06 14:57:39 [Art_Model_Login: update] {"id":"27497"} []
2018-02-06 14:57:39 [Art_Model_Login: update] {"id":"27497"} []
2018-02-06 15:15:00 [Art_Model_Login: update] {"id":"27497"} []
2018-02-06 15:15:00 [Art_Model_Login: update] {"id":"27497"} []
2018-02-06 15:20:49 [Art_Model_Login: update] {"id":"27497"} []
2018-02-06 15:20:49 [Art_Model_Login: update] {"id":"27497"} []
2018-02-06 15:20:50 [Art_Model_Login: update] {"id":"27497"} []
2018-02-06 15:20:50 [Art_Model_Login: update] {"id":"27497"} []
2018-02-06 15:20:52 [Art_Model_Login: update] {"id":"27497"} []
2018-02-06 15:20:52 [Art_Model_Login: update] {"id":"27497"} {"section":"login","action":"logout","layer":"public"}
2018-02-06 15:20:52 [Art_Model_User: insert] {"id":"29042"} []
2018-02-06 15:20:52 [Art_Model_User: update] {"id":"29042"} []
2018-02-06 15:20:52 [Art_Model_Login: insert] {"id":"27498"} []
2018-02-06 15:20:52 [Art_Model_Login: update] {"id":"27498"} []
2018-02-06 15:20:56 [Art_Model_Login: update] {"id":"27498"} []
2018-02-06 15:20:56 [Art_Model_Login: insert] {"id":"27499"} {"section":"login","action":"login","layer":"public"}
2018-02-06 15:20:56 [Art_Model_Login: update] {"id":"27499"} []
2018-02-06 15:20:56 [Art_Model_Login: update] {"id":"27499"} []
2018-02-06 15:21:04 [Art_Model_Login: update] {"id":"27499"} []
2018-02-06 15:21:05 [Art_Model_Login: update] {"id":"27499"} []
2018-02-06 15:21:15 [Art_Model_Login: update] {"id":"27499"} []
2018-02-06 15:21:16 [Art_Model_Login: update] {"id":"27499"} []
2018-02-06 15:21:36 [Art_Model_Login: update] {"id":"27499"} []
2018-02-06 15:21:36 [Art_Model_Login: update] {"id":"27499"} []
2018-02-06 15:21:39 [Art_Model_Login: update] {"id":"27499"} []
2018-02-06 15:21:40 [Art_Model_Login: update] {"id":"27499"} []
2018-02-06 15:21:45 [Art_Model_Login: update] {"id":"27499"} []
2018-02-06 15:21:45 [Art_Model_Login: update] {"id":"27499"} []
2018-02-06 15:22:00 [Art_Model_Login: update] {"id":"27499"} []
2018-02-06 15:22:15 [Art_Model_Login: update] {"id":"27499"} []
2018-02-06 15:22:34 [Art_Model_Login: update] {"id":"27499"} []
2018-02-06 15:22:36 [Art_Model_Login: update] {"id":"27499"} []
2018-02-06 15:22:40 [Art_Model_Login: update] {"id":"27499"} []
2018-02-06 15:22:40 [Art_Model_Login: update] {"id":"27499"} []
2018-02-06 15:22:44 [Art_Model_Login: update] {"id":"27499"} []
2018-02-06 15:22:45 [Art_Model_Login: update] {"id":"27499"} []
2018-02-06 15:22:52 [Art_Model_Login: update] {"id":"27499"} []
2018-02-06 15:22:52 [Art_Model_Login: update] {"id":"27499"} []
2018-02-06 15:22:56 [Art_Model_Login: update] {"id":"27499"} []
2018-02-06 15:22:56 [Art_Model_Login: update] {"id":"27499"} []
2018-02-06 15:23:00 [Art_Model_Login: update] {"id":"27499"} []
2018-02-06 15:23:00 [Art_Model_Login: update] {"id":"27499"} []
2018-02-06 15:23:05 [Art_Model_Login: update] {"id":"27499"} []
2018-02-06 15:23:06 [Art_Model_Login: update] {"id":"27499"} []
2018-02-06 15:23:13 [Art_Model_Login: update] {"id":"27499"} []
2018-02-06 15:23:13 [Art_Model_Login: update] {"id":"27499"} []
2018-02-06 15:23:53 [Art_Model_Login: update] {"id":"27499"} []
2018-02-06 15:23:54 [Art_Model_Login: update] {"id":"27499"} []
2018-02-06 15:23:59 [Art_Model_Login: update] {"id":"27499"} []
2018-02-06 15:24:00 [Art_Model_Login: update] {"id":"27499"} []
2018-02-06 15:24:07 [Art_Model_Login: update] {"id":"27499"} []
2018-02-06 15:24:07 [Art_Model_Login: update] {"id":"27499"} []
2018-02-06 15:24:30 [Art_Model_Login: update] {"id":"27499"} []
2018-02-06 15:24:31 [Art_Model_Login: update] {"id":"27499"} []
2018-02-06 15:24:43 [Art_Model_Login: update] {"id":"27499"} []
2018-02-06 15:24:43 [Art_Model_Login: update] {"id":"27499"} []
2018-02-06 15:24:44 [Art_Model_Login: update] {"id":"27499"} []
2018-02-06 15:24:44 [Art_Model_Login: update] {"id":"27499"} []
2018-02-06 15:24:46 [Art_Model_Login: update] {"id":"27499"} []
2018-02-06 15:24:46 [Art_Model_Login: update] {"id":"27499"} []
2018-02-06 15:24:51 [Art_Model_Login: update] {"id":"27499"} []
2018-02-06 15:24:53 [Art_Model_Login: update] {"id":"27499"} []
2018-02-06 15:24:58 [Art_Model_Login: update] {"id":"27499"} []
2018-02-06 15:24:59 [Art_Model_Login: update] {"id":"27499"} []
2018-02-06 15:25:04 [Art_Model_Login: update] {"id":"27499"} []
2018-02-06 15:25:04 [Art_Model_Login: update] {"id":"27499"} []
2018-02-06 15:25:20 [Art_Model_Login: update] {"id":"27499"} []
2018-02-06 15:25:20 [Art_Model_Login: update] {"id":"27499"} []
2018-02-06 15:25:26 [Art_Model_Login: update] {"id":"27499"} []
2018-02-06 15:25:27 [Art_Model_Login: update] {"id":"27499"} []
2018-02-06 15:25:41 [Art_Model_Login: update] {"id":"27499"} []
2018-02-06 15:25:41 [Art_Model_Login: update] {"id":"27499"} []
2018-02-06 15:25:48 [Art_Model_Login: update] {"id":"27499"} []
2018-02-06 15:25:48 [Art_Model_Login: update] {"id":"27499"} []
2018-02-06 15:25:50 [Art_Model_Login: update] {"id":"27499"} []
2018-02-06 15:25:51 [Art_Model_Login: update] {"id":"27499"} []
2018-02-06 15:26:04 [Art_Model_Login: update] {"id":"27499"} []
2018-02-06 15:26:05 [Art_Model_Login: update] {"id":"27499"} []
2018-02-06 15:26:09 [Art_Model_Login: update] {"id":"27499"} []
2018-02-06 15:26:10 [Art_Model_Login: update] {"id":"27499"} []
2018-02-06 15:26:12 [Art_Model_Login: update] {"id":"27499"} []
2018-02-06 15:26:12 [Art_Model_Login: update] {"id":"27499"} []
2018-02-06 15:26:27 [Art_Model_Login: update] {"id":"27499"} []
2018-02-06 15:26:27 [Art_Model_Login: update] {"id":"27499"} []
2018-02-06 15:26:29 [Art_Model_Login: update] {"id":"27499"} []
2018-02-06 15:27:48 [Art_Model_Login: update] {"id":"27499"} []
2018-02-06 15:27:59 [Art_Model_Login: update] {"id":"27499"} []
2018-02-06 15:27:59 [Service_Investment: insert] {"id":"47"} {"layer":"admin","section":"investment","action":"newinvestment"}
2018-02-06 15:27:59 [Service_Investment_Value: insert] {"id":"435"} {"layer":"admin","section":"investment","action":"newinvestment"}
2018-02-06 15:27:59 [Art_Model_Login: update] {"id":"27499"} []
2018-02-06 15:28:00 [Art_Model_Login: update] {"id":"27499"} []
2018-02-06 15:28:07 [Art_Model_Login: update] {"id":"27499"} []
2018-02-06 15:28:07 [Art_Model_Login: update] {"id":"27499"} []
2018-02-06 15:28:40 [Art_Model_Login: update] {"id":"27499"} []
2018-02-06 15:28:40 [Art_Model_Login: update] {"id":"27499"} []
2018-02-06 15:28:45 [Art_Model_Login: update] {"id":"27499"} []
2018-02-06 15:28:45 [Art_Model_Login: update] {"id":"27499"} []
2018-02-06 15:28:53 [Art_Model_Login: update] {"id":"27499"} []
2018-02-06 15:28:53 [Art_Model_Login: update] {"id":"27499"} []
2018-02-06 15:29:04 [Art_Model_Login: update] {"id":"27499"} []
2018-02-06 15:29:04 [Art_Model_Login: update] {"id":"27499"} []
2018-02-06 15:31:53 [Art_Model_Login: update] {"id":"27499"} []
2018-02-06 15:31:53 [Art_Model_Login: update] {"id":"27499"} []
2018-02-06 15:33:55 [Art_Model_Login: update] {"id":"27499"} []
2018-02-06 15:33:56 [Art_Model_Login: update] {"id":"27499"} []
2018-02-06 15:37:22 [Art_Model_Login: update] {"id":"27499"} []
2018-02-06 15:37:23 [Art_Model_Login: update] {"id":"27499"} []
2018-02-06 15:37:52 [Art_Model_Login: update] {"id":"27499"} []
2018-02-06 15:37:53 [Art_Model_Login: update] {"id":"27499"} []
2018-02-06 15:37:56 [Art_Model_Login: update] {"id":"27499"} []
2018-02-06 15:37:56 [Art_Model_Login: update] {"id":"27499"} []
2018-02-06 15:37:58 [Art_Model_Login: update] {"id":"27499"} []
2018-02-06 15:37:58 [Art_Model_Login: update] {"id":"27499"} []
2018-02-06 15:38:00 [Art_Model_Login: update] {"id":"27499"} []
2018-02-06 15:38:00 [Art_Model_Login: update] {"id":"27499"} []
2018-02-06 15:44:21 [Art_Model_Login: update] {"id":"27499"} []
2018-02-06 15:44:23 [Art_Model_Login: update] {"id":"27499"} []
2018-02-06 15:44:28 [Art_Model_Login: update] {"id":"27499"} []
2018-02-06 15:44:29 [Art_Model_Login: update] {"id":"27499"} []
2018-02-06 15:44:33 [Art_Model_Login: update] {"id":"27499"} []
2018-02-06 15:44:33 [Art_Model_Login: update] {"id":"27499"} []
2018-02-06 15:44:43 [Art_Model_Login: update] {"id":"27499"} []
2018-02-06 15:44:43 [Art_Model_Login: update] {"id":"27499"} []
2018-02-06 15:44:45 [Art_Model_Login: update] {"id":"27499"} []
2018-02-06 15:45:00 [Art_Model_Login: update] {"id":"27499"} []
2018-02-06 15:45:00 [Service_Investment: insert] {"id":"48"} {"layer":"admin","section":"investment","action":"newinvestment"}
2018-02-06 15:45:00 [Service_Investment_Value: insert] {"id":"436"} {"layer":"admin","section":"investment","action":"newinvestment"}
2018-02-06 15:45:01 [Art_Model_Login: update] {"id":"27499"} []
2018-02-06 15:45:01 [Art_Model_Login: update] {"id":"27499"} []
2018-02-06 15:45:04 [Art_Model_Login: update] {"id":"27499"} []
2018-02-06 15:45:04 [Art_Model_Login: update] {"id":"27499"} []
2018-02-06 15:45:17 [Art_Model_Login: update] {"id":"27499"} []
2018-02-06 15:45:18 [Art_Model_Login: update] {"id":"27499"} []
2018-02-06 15:45:21 [Art_Model_Login: update] {"id":"27499"} []
2018-02-06 15:45:21 [Art_Model_Login: update] {"id":"27499"} []
2018-02-06 15:45:25 [Art_Model_Login: update] {"id":"27499"} []
2018-02-06 15:45:25 [Art_Model_Login: update] {"id":"27499"} []
2018-02-06 15:45:36 [Art_Model_Login: update] {"id":"27499"} []
2018-02-06 15:45:36 [Art_Model_Login: update] {"id":"27499"} []
2018-02-06 15:45:50 [Art_Model_Login: update] {"id":"27499"} []
2018-02-06 15:45:51 [Art_Model_Login: update] {"id":"27499"} []
2018-02-06 15:45:54 [Art_Model_Login: update] {"id":"27499"} []
2018-02-06 15:45:54 [Art_Model_Login: update] {"id":"27499"} []
2018-02-06 15:45:56 [Art_Model_Login: update] {"id":"27499"} []
2018-02-06 15:45:57 [Art_Model_Login: update] {"id":"27499"} []
2018-02-06 15:46:00 [Art_Model_Login: update] {"id":"27499"} []
2018-02-06 15:46:00 [Art_Model_Login: update] {"id":"27499"} []
2018-02-06 15:46:02 [Art_Model_Login: update] {"id":"27499"} []
2018-02-06 15:46:02 [Art_Model_Login: update] {"id":"27499"} []
2018-02-06 15:46:12 [Art_Model_Login: update] {"id":"27499"} []
2018-02-06 15:46:14 [Art_Model_Login: update] {"id":"27499"} []
2018-02-06 15:46:16 [Art_Model_Login: update] {"id":"27499"} []
2018-02-06 15:46:17 [Art_Model_Login: update] {"id":"27499"} []
2018-02-06 15:46:18 [Service_Investment: update] {"id":"48"} {"layer":"admin","section":"investment","action":"publishinvestment","id":"48"}
2018-02-06 15:46:18 [Art_Model_Login: update] {"id":"27499"} []
2018-02-06 15:46:20 [Art_Model_Login: update] {"id":"27499"} []
2018-02-06 15:46:21 [Art_Model_Login: update] {"id":"27499"} []
2018-02-06 15:51:05 [Art_Model_Login: update] {"id":"27499"} []
2018-02-06 15:51:18 [Art_Model_Login: update] {"id":"27499"} []
2018-02-06 15:51:18 [Service_Investment: update] {"id":"48"} {"layer":"admin","section":"investment","action":"editinvestment","id":"48"}
2018-02-06 15:51:18 [Service_Investment_Value: delete] {"id":"436","id_user":"93","id_service_investment":"48","invested":"200000","interest":"1","commission":"0","note":"","payment_date":"2018-02-06","created_by":"93","modified_by":"","created_date":"2018-02-06 15:45:00","modified_date":""} [127.0.0.1 - 93 - 50] {"layer":"admin","section":"investment","action":"editinvestment","id":"48"}
2018-02-06 15:51:19 [Art_Model_Login: update] {"id":"27499"} []
2018-02-06 15:51:23 [Art_Model_Login: update] {"id":"27499"} []
2018-02-06 15:51:28 [Art_Model_Login: update] {"id":"27499"} []
2018-02-06 15:51:30 [Art_Model_Login: update] {"id":"27499"} []
2018-02-06 15:51:33 [Art_Model_Login: update] {"id":"27499"} []
2018-02-06 15:51:36 [Art_Model_Login: update] {"id":"27499"} []
2018-02-06 15:51:44 [Art_Model_Login: update] {"id":"27499"} []
2018-02-06 15:51:59 [Art_Model_Login: update] {"id":"27499"} []
2018-02-06 15:52:00 [Art_Model_Login: update] {"id":"27499"} []
2018-02-06 15:52:06 [Art_Model_Login: update] {"id":"27499"} []
2018-02-06 15:52:07 [Art_Model_Login: update] {"id":"27499"} []
2018-02-06 15:52:11 [Art_Model_Login: update] {"id":"27499"} []
2018-02-06 15:52:11 [Art_Model_Login: update] {"id":"27499"} []
2018-02-06 15:52:16 [Art_Model_Login: update] {"id":"27499"} []
2018-02-06 15:52:16 [Art_Model_Login: update] {"id":"27499"} []
2018-02-06 15:52:18 [Art_Model_Login: update] {"id":"27499"} []
2018-02-06 15:52:18 [Art_Model_Login: update] {"id":"27499"} []
2018-02-06 15:52:22 [Art_Model_Login: update] {"id":"27499"} []
2018-02-06 15:52:22 [Art_Model_Login: update] {"id":"27499"} []
2018-02-06 15:54:29 [Art_Model_Login: update] {"id":"27499"} []
2018-02-06 15:54:30 [Art_Model_Login: update] {"id":"27499"} []
2018-02-06 15:55:21 [Art_Model_Login: update] {"id":"27499"} []
2018-02-06 15:55:21 [Art_Model_Login: update] {"id":"27499"} []
2018-02-06 15:55:25 [Art_Model_Login: update] {"id":"27499"} []
2018-02-06 15:55:25 [Art_Model_Login: update] {"id":"27499"} []
2018-02-06 15:55:30 [Art_Model_Login: update] {"id":"27499"} []
2018-02-06 15:55:30 [Art_Model_Login: update] {"id":"27499"} []
2018-02-06 15:56:51 [Art_Model_Login: update] {"id":"27499"} []
2018-02-06 15:56:52 [Art_Model_Login: update] {"id":"27499"} []
2018-02-06 15:57:44 [Art_Model_Login: update] {"id":"27499"} []
2018-02-06 15:57:44 [Art_Model_Login: update] {"id":"27499"} []
2018-02-06 15:57:51 [Art_Model_Login: update] {"id":"27499"} []
2018-02-06 15:57:51 [Art_Model_Login: update] {"id":"27499"} []
2018-02-06 15:57:53 [Art_Model_Login: update] {"id":"27499"} []
2018-02-06 15:57:53 [Art_Model_Login: update] {"id":"27499"} []
2018-02-06 15:57:54 [Art_Model_Login: update] {"id":"27499"} []
2018-02-06 15:57:54 [Art_Model_Login: update] {"id":"27499"} []
2018-02-06 16:11:32 [Art_Model_Login: update] {"id":"27499"} []
2018-02-06 16:11:32 [Art_Model_Login: update] {"id":"27499"} []
2018-02-06 16:11:38 [Art_Model_Login: update] {"id":"27499"} []
2018-02-06 16:11:47 [Art_Model_Login: update] {"id":"27499"} []
2018-02-06 16:11:47 [Art_Model_Login: update] {"id":"27499"} []
2018-02-06 16:11:49 [Art_Model_Login: update] {"id":"27499"} []
2018-02-06 16:11:50 [Art_Model_Login: update] {"id":"27499"} []
2018-02-06 16:11:52 [Art_Model_Login: update] {"id":"27499"} []
2018-02-06 16:12:14 [Art_Model_Login: update] {"id":"27499"} []
2018-02-06 16:12:14 [Art_Model_Login: update] {"id":"27499"} []
2018-02-06 16:12:17 [Art_Model_Login: update] {"id":"27499"} []
2018-02-06 16:12:17 [Art_Model_Login: update] {"id":"27499"} []
2018-02-06 16:12:19 [Art_Model_Login: update] {"id":"27499"} []
2018-02-06 16:12:19 [Art_Model_Login: update] {"id":"27499"} []
2018-02-06 16:12:21 [Art_Model_Login: update] {"id":"27499"} []
2018-02-06 16:12:21 [Art_Model_Login: update] {"id":"27499"} []
2018-02-06 16:12:25 [Art_Model_Login: update] {"id":"27499"} []
2018-02-06 16:12:48 [Art_Model_Login: update] {"id":"27499"} []
2018-02-06 16:13:06 [Art_Model_Login: update] {"id":"27499"} []
2018-02-06 16:13:06 [Art_Model_Login: update] {"id":"27499"} []
2018-02-06 16:13:11 [Art_Model_Login: update] {"id":"27499"} []
2018-02-06 16:13:11 [Art_Model_Login: update] {"id":"27499"} []
2018-02-06 16:13:14 [Art_Model_Login: update] {"id":"27499"} []
2018-02-06 16:13:14 [Art_Model_Login: update] {"id":"27499"} []
2018-02-06 16:13:15 [Art_Model_Login: update] {"id":"27499"} []
2018-02-06 16:13:16 [Art_Model_Login: update] {"id":"27499"} []
2018-02-06 16:13:17 [Art_Model_Login: update] {"id":"27499"} []
2018-02-06 16:13:17 [Art_Model_Login: update] {"id":"27499"} []
2018-02-06 16:13:28 [Art_Model_Login: update] {"id":"27499"} []
2018-02-06 16:13:28 [Art_Model_Login: update] {"id":"27499"} []
2018-02-06 16:13:34 [Art_Model_Login: update] {"id":"27499"} []
2018-02-06 16:13:34 [Art_Model_Login: update] {"id":"27499"} []
2018-02-06 16:13:44 [Art_Model_Login: update] {"id":"27499"} []
2018-02-06 16:13:44 [Art_Model_Login: update] {"id":"27499"} []
2018-02-06 16:13:47 [Art_Model_Login: update] {"id":"27499"} []
2018-02-06 16:13:49 [Art_Model_Login: update] {"id":"27499"} []
2018-02-06 16:13:50 [Art_Model_Login: update] {"id":"27499"} []
2018-02-06 16:14:06 [Art_Model_Login: update] {"id":"27499"} []
2018-02-06 16:14:07 [Art_Model_Login: update] {"id":"27499"} []
2018-02-06 16:14:08 [Art_Model_Login: update] {"id":"27499"} []
2018-02-06 16:14:09 [Art_Model_Login: update] {"id":"27499"} []
2018-02-06 16:14:13 [Art_Model_Login: update] {"id":"27499"} []
2018-02-06 16:14:13 [Art_Model_Login: update] {"id":"27499"} []
2018-02-06 16:14:15 [Art_Model_Login: update] {"id":"27499"} []
2018-02-06 16:14:15 [Art_Model_Login: update] {"id":"27499"} []
2018-02-06 16:14:18 [Art_Model_Login: update] {"id":"27499"} []
2018-02-06 16:14:19 [Art_Model_Login: update] {"id":"27499"} []
2018-02-06 16:16:17 [Art_Model_Login: update] {"id":"27499"} []
2018-02-06 16:16:17 [Art_Model_Login: update] {"id":"27499"} []
2018-02-06 16:16:20 [Art_Model_Login: update] {"id":"27499"} []
2018-02-06 16:16:20 [Art_Model_Login: update] {"id":"27499"} []
2018-02-06 16:16:37 [Art_Model_Login: update] {"id":"27499"} []
2018-02-06 16:16:37 [Art_Model_Login: update] {"id":"27499"} []
2018-02-06 16:16:39 [Art_Model_Login: update] {"id":"27499"} []
2018-02-06 16:17:26 [Art_Model_Login: update] {"id":"27499"} []
2018-02-06 16:17:26 [Service_Investment: insert] {"id":"49"} {"layer":"admin","section":"investment","action":"newinvestment"}
2018-02-06 16:17:26 [Service_Investment_Value: insert] {"id":"437"} {"layer":"admin","section":"investment","action":"newinvestment"}
2018-02-06 16:17:26 [Service_Investment_Value: insert] {"id":"438"} {"layer":"admin","section":"investment","action":"newinvestment"}
2018-02-06 16:17:26 [Art_Model_Login: update] {"id":"27499"} []
2018-02-06 16:17:27 [Art_Model_Login: update] {"id":"27499"} []
2018-02-06 16:17:33 [Art_Model_Login: update] {"id":"27499"} []
2018-02-06 16:17:33 [Art_Model_Login: update] {"id":"27499"} []
2018-02-06 16:18:04 [Art_Model_Login: update] {"id":"27499"} []
2018-02-06 16:18:05 [Art_Model_Login: update] {"id":"27499"} []
2018-02-06 16:18:07 [Art_Model_Login: update] {"id":"27499"} []
2018-02-06 16:18:08 [Art_Model_Login: update] {"id":"27499"} []
2018-02-06 16:18:09 [Art_Model_Login: update] {"id":"27499"} []
2018-02-06 16:18:09 [Art_Model_Login: update] {"id":"27499"} []
2018-02-06 16:18:11 [Art_Model_Login: update] {"id":"27499"} []
2018-02-06 16:18:11 [Art_Model_Login: update] {"id":"27499"} []
2018-02-06 16:18:13 [Art_Model_Login: update] {"id":"27499"} []
2018-02-06 16:18:14 [Art_Model_Login: update] {"id":"27499"} []
2018-02-06 16:18:52 [Art_Model_Login: update] {"id":"27499"} []
2018-02-06 16:18:52 [Art_Model_Login: update] {"id":"27499"} []
2018-02-06 16:18:57 [Art_Model_Login: update] {"id":"27499"} []
2018-02-06 16:18:58 [Art_Model_Login: update] {"id":"27499"} []
2018-02-06 16:18:59 [Art_Model_Login: update] {"id":"27499"} []
2018-02-06 16:18:59 [Art_Model_Login: update] {"id":"27499"} []
2018-02-06 16:19:00 [Art_Model_Login: update] {"id":"27499"} []
2018-02-06 16:19:00 [Art_Model_Login: update] {"id":"27499"} []
2018-02-06 16:19:13 [Art_Model_Login: update] {"id":"27499"} []
2018-02-06 16:19:13 [Art_Model_Login: update] {"id":"27499"} []
2018-02-06 16:19:16 [Art_Model_Login: update] {"id":"27499"} []
2018-02-06 16:19:16 [Art_Model_Login: update] {"id":"27499"} []
2018-02-06 16:20:07 [Art_Model_Login: update] {"id":"27499"} []
2018-02-06 16:20:07 [Service_Investment: update] {"id":"49"} {"layer":"admin","section":"investment","action":"publishinvestment","id":"49"}
2018-02-06 16:20:08 [Art_Model_Login: update] {"id":"27499"} []
2018-02-06 16:20:08 [Art_Model_Login: update] {"id":"27499"} []
2018-02-06 16:20:11 [Art_Model_Login: update] {"id":"27499"} []
2018-02-06 16:20:11 [Art_Model_Login: update] {"id":"27499"} []
2018-02-06 16:23:28 [Art_Model_Login: update] {"id":"27499"} []
2018-02-06 16:23:29 [Art_Model_Login: update] {"id":"27499"} []
2018-02-06 16:23:41 [Art_Model_Login: update] {"id":"27499"} []
2018-02-06 16:23:41 [Art_Model_Login: update] {"id":"27499"} []
2018-02-06 16:23:47 [Art_Model_Login: update] {"id":"27499"} []
2018-02-06 16:23:48 [Art_Model_Login: update] {"id":"27499"} []
2018-02-06 16:24:09 [Art_Model_Login: update] {"id":"27499"} []
2018-02-06 16:24:09 [Art_Model_Login: update] {"id":"27499"} []
2018-02-06 16:24:42 [Art_Model_Login: update] {"id":"27499"} []
2018-02-06 16:24:43 [Art_Model_Login: update] {"id":"27499"} []
2018-02-06 16:25:02 [Art_Model_Login: update] {"id":"27499"} []
2018-02-06 16:25:04 [Art_Model_Login: update] {"id":"27499"} []
2018-02-06 16:25:55 [Art_Model_Login: update] {"id":"27499"} []
2018-02-06 16:25:55 [Art_Model_Login: update] {"id":"27499"} []
2018-02-06 16:26:11 [Art_Model_Login: update] {"id":"27499"} []
2018-02-06 16:26:11 [Art_Model_Login: update] {"id":"27499"} []
2018-02-06 16:26:24 [Art_Model_Login: update] {"id":"27499"} []
2018-02-06 16:26:24 [Art_Model_Login: update] {"id":"27499"} []
2018-02-06 16:26:32 [Art_Model_Login: update] {"id":"27499"} []
2018-02-06 16:26:32 [Art_Model_Login: update] {"id":"27499"} []
2018-02-06 16:26:35 [Art_Model_Login: update] {"id":"27499"} []
2018-02-06 16:26:50 [Art_Model_Login: update] {"id":"27499"} []
2018-02-06 16:26:51 [Art_Model_Login: update] {"id":"27499"} []
2018-02-06 16:27:31 [Art_Model_Login: update] {"id":"27499"} []
2018-02-06 16:27:31 [Art_Model_Login: update] {"id":"27499"} []
2018-02-06 16:36:07 [Art_Model_Login: update] {"id":"27499"} []
2018-02-06 16:36:07 [Art_Model_Login: update] {"id":"27499"} []
2018-02-06 16:36:09 [Art_Model_Login: update] {"id":"27499"} []
2018-02-06 16:36:09 [Art_Model_Login: update] {"id":"27499"} []
2018-02-06 16:36:11 [Art_Model_Login: update] {"id":"27499"} []
2018-02-06 16:36:11 [Art_Model_Login: update] {"id":"27499"} []
2018-02-06 16:36:30 [Art_Model_Login: update] {"id":"27499"} []
2018-02-06 16:36:30 [Service_Investment: update] {"id":"49"} {"layer":"admin","section":"investment","action":"editinvestment","id":"49"}
2018-02-06 16:36:30 [Service_Investment_Value: update] {"id":"437"} {"layer":"admin","section":"investment","action":"editinvestment","id":"49"}
2018-02-06 16:36:30 [Service_Investment: update] {"id":"49"} {"layer":"admin","section":"investment","action":"editinvestment","id":"49"}
2018-02-06 16:36:30 [Service_Investment_Value: update] {"id":"438"} {"layer":"admin","section":"investment","action":"editinvestment","id":"49"}
2018-02-06 16:36:30 [Art_Model_Login: update] {"id":"27499"} []
2018-02-06 16:36:31 [Art_Model_Login: update] {"id":"27499"} []
2018-02-06 16:36:33 [Art_Model_Login: update] {"id":"27499"} []
2018-02-06 16:36:33 [Art_Model_Login: update] {"id":"27499"} []
2018-02-06 16:39:16 [Art_Model_Login: update] {"id":"27499"} []
2018-02-06 16:39:16 [Art_Model_Login: update] {"id":"27499"} []
2018-02-06 16:43:05 [Art_Model_Login: update] {"id":"27499"} []
2018-02-06 16:43:06 [Art_Model_Login: update] {"id":"27499"} []
2018-02-06 16:43:37 [Art_Model_Login: update] {"id":"27499"} []
2018-02-06 16:43:37 [Art_Model_Login: update] {"id":"27499"} []
2018-02-06 16:45:45 [Art_Model_Login: update] {"id":"27499"} []
2018-02-06 16:45:46 [Art_Model_Login: update] {"id":"27499"} []
2018-02-06 16:50:30 [Art_Model_Login: update] {"id":"27499"} []
2018-02-06 16:50:30 [Art_Model_Login: update] {"id":"27499"} []
